Determining if the pthread_create exist failed with the following output:
Change Dir: /home/majid/Projects/taha/Pcl Demo/ui/build/CMakeFiles/CMakeTmp

Run Build Command:"/usr/bin/make" "cmTC_245dc/fast"
/usr/bin/make -f CMakeFiles/cmTC_245dc.dir/build.make CMakeFiles/cmTC_245dc.dir/build
make[1]: Entering directory '/home/majid/Projects/taha/Pcl Demo/ui/build/CMakeFiles/CMakeTmp'
Building C object CMakeFiles/cmTC_245dc.dir/CheckSymbolExists.c.o
/usr/bin/cc   -fPIC    -o CMakeFiles/cmTC_245dc.dir/CheckSymbolExists.c.o   -c "/home/majid/Projects/taha/Pcl Demo/ui/build/CMakeFiles/CMakeTmp/CheckSymbolExists.c"
Linking C executable cmTC_245dc
/usr/bin/cmake -E cmake_link_script CMakeFiles/cmTC_245dc.dir/link.txt --verbose=1
/usr/bin/cc -fPIC     -rdynamic CMakeFiles/cmTC_245dc.dir/CheckSymbolExists.c.o  -o cmTC_245dc 
CMakeFiles/cmTC_245dc.dir/CheckSymbolExists.c.o: In function `main':
CheckSymbolExists.c:(.text+0x1b): undefined reference to `pthread_create'
collect2: error: ld returned 1 exit status
CMakeFiles/cmTC_245dc.dir/build.make:97: recipe for target 'cmTC_245dc' failed
make[1]: *** [cmTC_245dc] Error 1
make[1]: Leaving directory '/home/majid/Projects/taha/Pcl Demo/ui/build/CMakeFiles/CMakeTmp'
Makefile:126: recipe for target 'cmTC_245dc/fast' failed
make: *** [cmTC_245dc/fast] Error 2

File /home/majid/Projects/taha/Pcl Demo/ui/build/CMakeFiles/CMakeTmp/CheckSymbolExists.c:
/* */
#include <pthread.h>

int main(int argc, char** argv)
{
  (void)argv;
#ifndef pthread_create
  return ((int*)(&pthread_create))[argc];
#else
  (void)argc;
  return 0;
#endif
}

Determining if the function pthread_create exists in the pthreads failed with the following output:
Change Dir: /home/majid/Projects/taha/Pcl Demo/ui/build/CMakeFiles/CMakeTmp

Run Build Command:"/usr/bin/make" "cmTC_abc93/fast"
/usr/bin/make -f CMakeFiles/cmTC_abc93.dir/build.make CMakeFiles/cmTC_abc93.dir/build
make[1]: Entering directory '/home/majid/Projects/taha/Pcl Demo/ui/build/CMakeFiles/CMakeTmp'
Building C object CMakeFiles/cmTC_abc93.dir/CheckFunctionExists.c.o
/usr/bin/cc   -fPIC -DCHECK_FUNCTION_EXISTS=pthread_create   -o CMakeFiles/cmTC_abc93.dir/CheckFunctionExists.c.o   -c /usr/share/cmake-3.10/Modules/CheckFunctionExists.c
Linking C executable cmTC_abc93
/usr/bin/cmake -E cmake_link_script CMakeFiles/cmTC_abc93.dir/link.txt --verbose=1
/usr/bin/cc -fPIC -DCHECK_FUNCTION_EXISTS=pthread_create    -rdynamic CMakeFiles/cmTC_abc93.dir/CheckFunctionExists.c.o  -o cmTC_abc93 -lpthreads 
/usr/bin/ld: cannot find -lpthreads
collect2: error: ld returned 1 exit status
CMakeFiles/cmTC_abc93.dir/build.make:97: recipe for target 'cmTC_abc93' failed
make[1]: *** [cmTC_abc93] Error 1
make[1]: Leaving directory '/home/majid/Projects/taha/Pcl Demo/ui/build/CMakeFiles/CMakeTmp'
Makefile:126: recipe for target 'cmTC_abc93/fast' failed
make: *** [cmTC_abc93/fast] Error 2


